<?xml version="1.0" encoding="UTF-8"?>
<!-- Generated by org.testng.reporters.JUnitReportReporter -->
<testsuite name="test.Test2Deliverable" tests="1" time="100.697" ignored="0" failures="0" timestamp="03 Jun 2018 16:25:57 GMT" skipped="0" hostname="REHANRAZZAQUEE" errors="0">
  <testcase name="myntraTest" time="100.697" classname="test.Test2Deliverable"/>
</testsuite> <!-- test.Test2Deliverable -->
