<?xml version="1.0" encoding="UTF-8"?>
<!-- Generated by org.testng.reporters.JUnitReportReporter -->
<testsuite name="testcases.TC001_MyntraVerifyHomePage" tests="1" time="70.261" ignored="0" failures="0" timestamp="13 May 2018 18:46:46 GMT" skipped="0" hostname="REHANRAZZAQUEE" errors="0">
  <testcase name="verifyMyntraHome" time="70.261" classname="testcases.TC001_MyntraVerifyHomePage"/>
</testsuite> <!-- testcases.TC001_MyntraVerifyHomePage -->
