<?xml version="1.0" encoding="UTF-8"?>
<!-- Generated by org.testng.reporters.JUnitReportReporter -->
<testsuite name="MyntraTest.Myntra_Tet.Test1" tests="1" time="33.026" ignored="0" failures="0" timestamp="12 May 2018 22:09:53 GMT" skipped="0" hostname="REHANRAZZAQUEE" errors="0">
  <testcase name="myntraTest" time="33.026" classname="MyntraTest.Myntra_Tet.Test1"/>
</testsuite> <!-- MyntraTest.Myntra_Tet.Test1 -->
